2020-10-21T10:10:34-0400 [INFO    ] dandi Traversing remote dandisets (000027) recursively
2020-10-21T10:10:34-0400 [INFO    ] backups2datalad.py Updating metadata file
2020-10-21T10:10:35-0400 [INFO    ] backups2datalad.py Syncing asset /sub-RAT123/sub-RAT123.nwb
2020-10-21T10:10:35-0400 [INFO    ] backups2datalad.py Asset not in dataset; will copy
2020-10-21T10:10:35-0400 [INFO    ] backups2datalad.py cp /mnt/backup/dandi/dandiarchive-s3-backup/girder-assetstore/74/0f/740feade0d784acc8ec76bb7834d80dc -> /mnt/backup/dandi/dandisets/000027/sub-RAT123/sub-RAT123.nwb
2020-10-21T10:10:35-0400 [INFO    ] backups2datalad.py Adding asset to dataset
2020-10-21T10:10:35-0400 [INFO    ] backups2datalad.py Adding URL https://dandiarchive.s3.amazonaws.com/girder-assetstore/74/0f/740feade0d784acc8ec76bb7834d80dc?versionId=Y3wgHpkkLNI2NwEZH_cG6B0MPpc7eRb_ to asset
2020-10-21T10:10:35-0400 [INFO    ] backups2datalad.py Commiting changes
2020-10-21T10:10:36-0400 [INFO    ] backups2datalad.py Creating GitHub sibling for 000027
2020-10-21T10:10:36-0400 [INFO    ] datalad.support.github_ Successfully obtained information about organization dandisets using UserPassword(name='github', url='https://github.com/login') credential
2020-10-21T10:10:39-0400 [INFO    ] datalad.distribution.siblings Configure additional publication dependency on "dandi-dandisets-dropbox"
2020-10-21T10:10:39-0400 [INFO    ] datalad.ui.dialog Clear progress bars
2020-10-21T10:10:39-0400 [INFO    ] datalad.ui.dialog Refresh progress bars
2020-10-21T10:10:39-0400 [INFO    ] backups2datalad.py Pushing to sibling
2020-10-21T10:10:39-0400 [INFO    ] datalad.core.distributed.push Determine push target
2020-10-21T10:10:39-0400 [INFO    ] datalad.core.distributed.push Push refspecs
2020-10-21T10:10:40-0400 [INFO    ] datalad.core.distributed.push Determine push target
2020-10-21T10:10:40-0400 [INFO    ] datalad.core.distributed.push Push refspecs
2020-10-21T10:10:40-0400 [INFO    ] datalad.core.distributed.push Transfer data
2020-10-21T10:10:40-0400 [INFO    ] datalad.annex Start annex operation
2020-10-21T10:10:42-0400 [INFO    ] datalad.annex Finished annex copy
2020-10-21T10:10:42-0400 [INFO    ] datalad.core.distributed.push Transfer data
2020-10-21T10:10:42-0400 [INFO    ] datalad.core.distributed.push Update availability information
2020-10-21T10:10:43-0400 [INFO    ] datalad.gitrepo Start resolving deltas
2020-10-21T10:10:43-0400 [INFO    ] datalad.gitrepo remote: Resolving deltas:   0% (0/10)
2020-10-21T10:10:43-0400 [INFO    ] datalad.gitrepo remote: Resolving deltas:  40% (4/10)
2020-10-21T10:10:43-0400 [INFO    ] datalad.gitrepo remote: Resolving deltas:  60% (6/10)
2020-10-21T10:10:43-0400 [INFO    ] datalad.gitrepo remote: Resolving deltas:  70% (7/10)
2020-10-21T10:10:43-0400 [INFO    ] datalad.gitrepo remote: Resolving deltas:  80% (8/10)
2020-10-21T10:10:43-0400 [INFO    ] datalad.gitrepo remote: Resolving deltas:  90% (9/10)
2020-10-21T10:10:43-0400 [INFO    ] datalad.gitrepo remote: Resolving deltas: 100% (10/10)
2020-10-21T10:10:43-0400 [INFO    ] datalad.gitrepo remote: Resolving deltas: 100% (10/10), done.
2020-10-21T10:10:43-0400 [INFO    ] datalad.gitrepo Finished resolving deltas
2020-10-21T10:10:46-0400 [INFO    ] datalad.core.distributed.push Finished push of Dataset(/mnt/backup/dandi/dandisets/000027)
2020-10-21T10:10:46-0400 [INFO    ] datalad.core.distributed.push Finished push of Dataset(/mnt/backup/dandi/dandisets/000027)
